#
# A fatal error has been detected by the Java Runtime Environment:
#
#  Internal Error (synchronizer.cpp:1430), pid=928, tid=5436
#  guarantee(mid->header()->is_neutral()) failed: invariant
#
# JRE version: Java(TM) SE Runtime Environment (8.0_31-b13) (build 1.8.0_31-b13)
# Java VM: Java HotSpot(TM) Client VM (25.31-b07 mixed mode windows-x86 )
# Failed to write core dump. Minidumps are not enabled by default on client versions of Windows
#
# If you would like to submit a bug report, please visit:
#   http://bugreport.java.com/bugreport/crash.jsp
#

---------------  T H R E A D  ---------------

Current thread (0x02b55400):  VMThread [stack: 0x130c0000,0x13110000] [id=5436]

Stack: [0x130c0000,0x13110000],  sp=0x1310f9e8,  free space=318k
Native frames: (J=compiled Java code, j=interpreted, Vv=VM code, C=native code)
V  [jvm.dll+0x197b8b]
V  [jvm.dll+0x1909a5]
V  [jvm.dll+0x162f7f]
V  [jvm.dll+0x163333]
V  [jvm.dll+0x1567b3]
V  [jvm.dll+0x157b30]
V  [jvm.dll+0x16ed05]
V  [jvm.dll+0x16ef12]
V  [jvm.dll+0x1af0a6]
C  [msvcr100.dll+0x5c556]
C  [msvcr100.dll+0x5c600]
C  [kernel32.dll+0xb729]

VM_Operation (0x134ff92c): ChangeSingleStep, mode: safepoint, requested by thread 0x131d2400


---------------  P R O C E S S  ---------------

Java Threads: ( => current thread )
  0x131f2800 JavaThread "Service Thread" daemon [_thread_blocked, id=2784, stack(0x135f0000,0x13640000)]
  0x131ddc00 JavaThread "C1 CompilerThread0" daemon [_thread_blocked, id=3244, stack(0x135a0000,0x135f0000)]
  0x131d6400 JavaThread "JDWP Command Reader" daemon [_thread_in_native, id=1724, stack(0x13550000,0x135a0000)]
  0x131d4800 JavaThread "JDWP Event Helper Thread" daemon [_thread_blocked, id=4780, stack(0x13500000,0x13550000)]
  0x131d2400 JavaThread "JDWP Transport Listener: dt_socket" daemon [_thread_blocked, id=2904, stack(0x134b0000,0x13500000)]
  0x131c2c00 JavaThread "Attach Listener" daemon [_thread_blocked, id=5152, stack(0x13400000,0x13450000)]
  0x131c1c00 JavaThread "Signal Dispatcher" daemon [_thread_blocked, id=5656, stack(0x133b0000,0x13400000)]
  0x02b5d800 JavaThread "Finalizer" daemon [_thread_blocked, id=3536, stack(0x13160000,0x131b0000)]
  0x02b58800 JavaThread "Reference Handler" daemon [_thread_blocked, id=2968, stack(0x13110000,0x13160000)]
  0x0087a000 JavaThread "main" [_thread_blocked, id=4720, stack(0x00960000,0x009b0000)]

Other Threads:
=>0x02b55400 VMThread [stack: 0x130c0000,0x13110000] [id=5436]
  0x131fc800 WatcherThread [stack: 0x13640000,0x13690000] [id=5096]

VM state:at safepoint (normal execution)

VM Mutex/Monitor currently owned by a thread:  ([mutex/lock_event])
[0x00878b68] Safepoint_lock - owner thread: 0x02b55400
[0x00878bd0] Threads_lock - owner thread: 0x02b55400
[0x008792b8] JvmtiThreadState_lock - owner thread: 0x131d2400

Heap:
 def new generation   total 4928K, used 555K [0x02c00000, 0x03150000, 0x08150000)
  eden space 4416K,  12% used [0x02c00000, 0x02c8aea0, 0x03050000)
  from space 512K,   0% used [0x03050000, 0x03050000, 0x030d0000)
  to   space 512K,   0% used [0x030d0000, 0x030d0000, 0x03150000)
 tenured generation   total 10944K, used 0K [0x08150000, 0x08c00000, 0x12c00000)
   the space 10944K,   0% used [0x08150000, 0x08150000, 0x08150200, 0x08c00000)
 Metaspace       used 1572K, capacity 2280K, committed 2368K, reserved 4480K

Card table byte_map: [0x02b60000,0x02bf0000] byte_map_base: 0x02b4a000

Polling page: 0x009b0000

CodeCache: size=32768Kb used=665Kb max_used=665Kb free=32102Kb
 bounds [0x009e0000, 0x00a88000, 0x029e0000]
 total_blobs=141 nmethods=14 adapters=68
 compilation: enabled

Compilation events (10 events):
Event: 0.219 Thread 0x131ddc00   10             java.lang.CharacterDataLatin1::toLowerCase (39 bytes)
Event: 0.219 Thread 0x131ddc00 nmethod 10 0x00a84208 code [0x00a84300, 0x00a843e0]
Event: 0.219 Thread 0x131ddc00   11             java.lang.String::toLowerCase (439 bytes)
Event: 0.220 Thread 0x131ddc00 nmethod 11 0x00a844c8 code [0x00a846d0, 0x00a84f10]
Event: 0.220 Thread 0x131ddc00   12             java.lang.AbstractStringBuilder::ensureCapacityInternal (16 bytes)
Event: 0.220 Thread 0x131ddc00 nmethod 12 0x00a85a88 code [0x00a85b90, 0x00a85c4c]
Event: 0.220 Thread 0x131ddc00   13             java.lang.AbstractStringBuilder::append (29 bytes)
Event: 0.220 Thread 0x131ddc00 nmethod 13 0x00a85cc8 code [0x00a85dd0, 0x00a85ecc]
Event: 0.255 Thread 0x131ddc00   14             java.lang.String::indexOf (166 bytes)
Event: 0.256 Thread 0x131ddc00 nmethod 14 0x00a85fc8 code [0x00a860e0, 0x00a86330]

GC Heap History (0 events):
No events

Deoptimization events (0 events):
No events

Internal exceptions (8 events):
Event: 0.050 Thread 0x0087a000 Exception <a 'java/lang/NoSuchMethodError': Method sun.misc.Unsafe.defineClass(Ljava/lang/String;[BII)Ljava/lang/Class; name or signature does not match> (0x02c0ad98) thrown at [C:\re\workspace\8-2-build-windows-i586-cygwin\jdk8u31\2394\hotspot\src\share\v?≈Ôn©?
Event: 0.050 Thread 0x0087a000 Exception <a 'java/lang/NoSuchMethodError': Method sun.misc.Unsafe.prefetchRead(Ljava/lang/Object;J)V name or signature does not match> (0x02c0b018) thrown at [C:\re\workspace\8-2-build-windows-i586-cygwin\jdk8u31\2394\hotspot\src\share\vm\prims\jni.cpp, liL0‡IÃ?
Event: 0.219 Thread 0x0087a000 Exception <a 'java/security/PrivilegedActionException'> (0x02c58c98) thrown at [C:\re\workspace\8-2-build-windows-i586-cygwin\jdk8u31\2394\hotspot\src\share\vm\prims\jvm.cpp, line 1312]
Event: 0.237 Thread 0x0087a000 Exception <a 'java/security/PrivilegedActionException'> (0x02c5d8a0) thrown at [C:\re\workspace\8-2-build-windows-i586-cygwin\jdk8u31\2394\hotspot\src\share\vm\prims\jvm.cpp, line 1312]
Event: 0.240 Thread 0x0087a000 Exception <a 'java/security/PrivilegedActionException'> (0x02c76080) thrown at [C:\re\workspace\8-2-build-windows-i586-cygwin\jdk8u31\2394\hotspot\src\share\vm\prims\jvm.cpp, line 1312]
Event: 0.242 Thread 0x0087a000 Exception <a 'java/security/PrivilegedActionException'> (0x02c77060) thrown at [C:\re\workspace\8-2-build-windows-i586-cygwin\jdk8u31\2394\hotspot\src\share\vm\prims\jvm.cpp, line 1312]
Event: 0.253 Thread 0x0087a000 Exception <a 'java/security/PrivilegedActionException'> (0x02c780b0) thrown at [C:\re\workspace\8-2-build-windows-i586-cygwin\jdk8u31\2394\hotspot\src\share\vm\prims\jvm.cpp, line 1312]
Event: 0.255 Thread 0x0087a000 Exception <a 'java/security/PrivilegedActionException'> (0x02c79010) thrown at [C:\re\workspace\8-2-build-windows-i586-cygwin\jdk8u31\2394\hotspot\src\share\vm\prims\jvm.cpp, line 1312]

Events (10 events):
Event: 352.198 Executing VM operation: ChangeSingleStep done
Event: 352.199 Executing VM operation: ChangeSingleStep
Event: 352.199 Executing VM operation: ChangeSingleStep done
Event: 379.450 Executing VM operation: GetCurrentLocation
Event: 379.450 Executing VM operation: GetCurrentLocation done
Event: 379.450 Executing VM operation: EnterInterpOnlyMode
Event: 379.450 Executing VM operation: EnterInterpOnlyMode done
Event: 379.450 Executing VM operation: ChangeSingleStep
Event: 379.450 Executing VM operation: ChangeSingleStep done
Event: 379.450 Executing VM operation: ChangeSingleStep


Dynamic libraries:
0x00400000 - 0x00430000 	C:\Arquivos de programas\Java\jre1.8.0_31\bin\javaw.exe
0x7c900000 - 0x7c9b6000 	C:\WINDOWS\system32\ntdll.dll
0x7c800000 - 0x7c900000 	C:\WINDOWS\system32\kernel32.dll
0x77f50000 - 0x77ffb000 	C:\WINDOWS\system32\ADVAPI32.dll
0x77db0000 - 0x77e43000 	C:\WINDOWS\system32\RPCRT4.dll
0x77f20000 - 0x77f31000 	C:\WINDOWS\system32\Secur32.dll
0x7e360000 - 0x7e3f1000 	C:\WINDOWS\system32\USER32.dll
0x77e50000 - 0x77e99000 	C:\WINDOWS\system32\GDI32.dll
0x773b0000 - 0x774b3000 	C:\WINDOWS\WinSxS\x86_Microsoft.Windows.Common-Controls_6595b64144ccf1df_6.0.2600.6028_x-ww_61e65202\COMCTL32.dll
0x77bf0000 - 0x77c48000 	C:\WINDOWS\system32\msvcrt.dll
0x77ea0000 - 0x77f16000 	C:\WINDOWS\system32\SHLWAPI.dll
0x76360000 - 0x7637d000 	C:\WINDOWS\system32\IMM32.DLL
0x78aa0000 - 0x78b5f000 	C:\Arquivos de programas\Java\jre1.8.0_31\bin\msvcr100.dll
0x6d150000 - 0x6d4f4000 	C:\Arquivos de programas\Java\jre1.8.0_31\bin\client\jvm.dll
0x71a90000 - 0x71a9a000 	C:\WINDOWS\system32\WSOCK32.dll
0x71a70000 - 0x71a87000 	C:\WINDOWS\system32\WS2_32.dll
0x71a60000 - 0x71a68000 	C:\WINDOWS\system32\WS2HELP.dll
0x76b20000 - 0x76b4e000 	C:\WINDOWS\system32\WINMM.dll
0x76bd0000 - 0x76bdb000 	C:\WINDOWS\system32\PSAPI.DLL
0x6ef70000 - 0x6ef7c000 	C:\Arquivos de programas\Java\jre1.8.0_31\bin\verify.dll
0x6d9d0000 - 0x6d9f1000 	C:\Arquivos de programas\Java\jre1.8.0_31\bin\java.dll
0x6db50000 - 0x6db79000 	C:\Arquivos de programas\Java\jre1.8.0_31\bin\jdwp.dll
0x6ed90000 - 0x6ed97000 	C:\Arquivos de programas\Java\jre1.8.0_31\bin\npt.dll
0x6f000000 - 0x6f013000 	C:\Arquivos de programas\Java\jre1.8.0_31\bin\zip.dll
0x7c9c0000 - 0x7d1de000 	C:\WINDOWS\system32\SHELL32.dll
0x769a0000 - 0x76a55000 	C:\WINDOWS\system32\USERENV.dll
0x6d780000 - 0x6d788000 	C:\Arquivos de programas\Java\jre1.8.0_31\bin\dt_socket.dll
0x71a10000 - 0x71a50000 	C:\WINDOWS\System32\mswsock.dll
0x76f00000 - 0x76f27000 	C:\WINDOWS\system32\DNSAPI.dll
0x76d40000 - 0x76d59000 	C:\WINDOWS\system32\iphlpapi.dll
0x76f90000 - 0x76f98000 	C:\WINDOWS\System32\winrnr.dll
0x76f40000 - 0x76f6d000 	C:\WINDOWS\system32\WLDAP32.dll
0x76fa0000 - 0x76fa6000 	C:\WINDOWS\system32\rasadhlp.dll
0x60b30000 - 0x60b88000 	C:\WINDOWS\system32\hnetcfg.dll
0x71a50000 - 0x71a58000 	C:\WINDOWS\System32\wshtcpip.dll
0x59ea0000 - 0x59f41000 	C:\WINDOWS\system32\dbghelp.dll
0x77be0000 - 0x77be8000 	C:\WINDOWS\system32\VERSION.dll

VM Arguments:
jvm_args: -agentlib:jdwp=transport=dt_socket,suspend=y,address=localhost:9168 -Dfile.encoding=Cp1252 
java_command: app.start
java_class_path (initial): Q:\Neimar\Github\Java\OM\bin
Launcher Type: SUN_STANDARD

Environment Variables:
PATH=C:/Arquivos de programas/Java/jre1.8.0_31/bin/client;C:/Arquivos de programas/Java/jre1.8.0_31/bin;C:/Arquivos de programas/Java/jre1.8.0_31/lib/i386;C:\Documents and Settings\All Users\Dados de aplicativos\Oracle\Java\javapath;C:\totvs\CorporeRM\API;C:\WINDOWS\system32;C:\WINDOWS;C:\WINDOWS\System32\Wbem;c:\Arquivos de programas\Microsoft SQL Server\100\Tools\Binn\;c:\Arquivos de programas\Microsoft SQL Server\100\DTS\Binn\;C:\WINDOWS\system32\WindowsPowerShell\v1.0;c:\Arquivos de programas\Microsoft SQL Server\100\Tools\Binn\VSShell\Common7\IDE\;C:\Documents and Settings\neimar.IDC\Meus documentos\Eclipse;
USERNAME=neimar
OS=Windows_NT
PROCESSOR_IDENTIFIER=x86 Family 6 Model 23 Stepping 10, GenuineIntel



---------------  S Y S T E M  ---------------

OS: Windows XP Build 2600 Service Pack 3

CPU:total 2 (2 cores per cpu, 1 threads per core) family 6 model 23 stepping 10, cmov, cx8, fxsr, mmx, sse, sse2, sse3, ssse3, sse4.1, tsc

Memory: 4k page, physical 3109804k(1472772k free), swap 7046348k(5273908k free)

vm_info: Java HotSpot(TM) Client VM (25.31-b07) for windows-x86 JRE (1.8.0_31-b13), built on Dec 17 2014 20:46:12 by "java_re" with MS VC++ 10.0 (VS2010)

time: Fri Jun 19 23:37:18 2015
elapsed time: 379 seconds (0d 0h 6m 19s)

